{"C:\\Users\\10954\\Desktop\\MBForge\\frontend\\src\\components\\ui\\Button.tsx": {"path":"C:\\Users\\10954\\Desktop\\MBForge\\frontend\\src\\components\\ui\\Button.tsx","statementMap":{"0":{"start":{"line":21,"column":66},"end":{"line":27,"column":null}},"1":{"start":{"line":29,"column":60},"end":{"line":33,"column":null}},"2":{"start":{"line":48,"column":21},"end":{"line":48,"column":null}},"3":{"start":{"line":49,"column":36},"end":{"line":63,"column":null}},"4":{"start":{"line":65,"column":2},"end":{"line":91,"column":null}}},"fnMap":{"0":{"name":"Button","decl":{"start":{"line":35,"column":24},"end":{"line":35,"column":31}},"loc":{"start":{"line":47,"column":16},"end":{"line":93,"column":null}},"line":47}},"branchMap":{"0":{"loc":{"start":{"line":37,"column":2},"end":{"line":37,"column":null}},"type":"default-arg","locations":[{"start":{"line":37,"column":12},"end":{"line":37,"column":null}}],"line":37},"1":{"loc":{"start":{"line":38,"column":2},"end":{"line":38,"column":null}},"type":"default-arg","locations":[{"start":{"line":38,"column":9},"end":{"line":38,"column":null}}],"line":38},"2":{"loc":{"start":{"line":39,"column":2},"end":{"line":39,"column":null}},"type":"default-arg","locations":[{"start":{"line":39,"column":12},"end":{"line":39,"column":null}}],"line":39},"3":{"loc":{"start":{"line":40,"column":2},"end":{"line":40,"column":null}},"type":"default-arg","locations":[{"start":{"line":40,"column":13},"end":{"line":40,"column":null}}],"line":40},"4":{"loc":{"start":{"line":43,"column":2},"end":{"line":43,"column":null}},"type":"default-arg","locations":[{"start":{"line":43,"column":9},"end":{"line":43,"column":null}}],"line":43},"5":{"loc":{"start":{"line":48,"column":21},"end":{"line":48,"column":null}},"type":"binary-expr","locations":[{"start":{"line":48,"column":21},"end":{"line":48,"column":33}},{"start":{"line":48,"column":33},"end":{"line":48,"column":null}}],"line":48},"6":{"loc":{"start":{"line":56,"column":12},"end":{"line":56,"column":null}},"type":"cond-expr","locations":[{"start":{"line":56,"column":25},"end":{"line":56,"column":41}},{"start":{"line":56,"column":41},"end":{"line":56,"column":null}}],"line":56},"7":{"loc":{"start":{"line":57,"column":13},"end":{"line":57,"column":null}},"type":"cond-expr","locations":[{"start":{"line":57,"column":26},"end":{"line":57,"column":32}},{"start":{"line":57,"column":32},"end":{"line":57,"column":null}}],"line":57},"8":{"loc":{"start":{"line":70,"column":15},"end":{"line":70,"column":null}},"type":"cond-expr","locations":[{"start":{"line":70,"column":28},"end":{"line":70,"column":40}},{"start":{"line":70,"column":40},"end":{"line":70,"column":null}}],"line":70},"9":{"loc":{"start":{"line":73,"column":18},"end":{"line":73,"column":null}},"type":"cond-expr","locations":[{"start":{"line":73,"column":31},"end":{"line":73,"column":43}},{"start":{"line":73,"column":43},"end":{"line":73,"column":null}}],"line":73},"10":{"loc":{"start":{"line":74,"column":16},"end":{"line":74,"column":null}},"type":"cond-expr","locations":[{"start":{"line":74,"column":29},"end":{"line":74,"column":41}},{"start":{"line":74,"column":41},"end":{"line":74,"column":null}}],"line":74},"11":{"loc":{"start":{"line":77,"column":7},"end":{"line":87,"column":null}},"type":"binary-expr","locations":[{"start":{"line":77,"column":7},"end":{"line":77,"column":null}},{"start":{"line":78,"column":8},"end":{"line":87,"column":null}}],"line":77}},"s":{"0":1,"1":1,"2":18,"3":18,"4":18},"f":{"0":18},"b":{"0":[18],"1":[18],"2":[18],"3":[18],"4":[18],"5":[18,17],"6":[2,16],"7":[2,16],"8":[2,16],"9":[2,16],"10":[2,16],"11":[18,1]},"meta":{"lastBranch":12,"lastFunction":1,"lastStatement":5,"seen":{"s:21:66:27:Infinity":0,"s:29:60:33:Infinity":1,"f:35:24:35:31":0,"b:37:12:37:Infinity":0,"b:38:9:38:Infinity":1,"b:39:12:39:Infinity":2,"b:40:13:40:Infinity":3,"b:43:9:43:Infinity":4,"s:48:21:48:Infinity":2,"b:48:21:48:33:48:33:48:Infinity":5,"s:49:36:63:Infinity":3,"b:56:25:56:41:56:41:56:Infinity":6,"b:57:26:57:32:57:32:57:Infinity":7,"s:65:2:91:Infinity":4,"b:70:28:70:40:70:40:70:Infinity":8,"b:73:31:73:43:73:43:73:Infinity":9,"b:74:29:74:41:74:41:74:Infinity":10,"b:77:7:77:Infinity:78:8:87:Infinity":11}}}
,"C:\\Users\\10954\\Desktop\\MBForge\\frontend\\src\\components\\ui\\Card.tsx": {"path":"C:\\Users\\10954\\Desktop\\MBForge\\frontend\\src\\components\\ui\\Card.tsx","statementMap":{"0":{"start":{"line":14,"column":41},"end":{"line":22,"column":null}},"1":{"start":{"line":24,"column":2},"end":{"line":36,"column":null}},"2":{"start":{"line":25,"column":4},"end":{"line":34,"column":null}},"3":{"start":{"line":38,"column":2},"end":{"line":41,"column":null}}},"fnMap":{"0":{"name":"Card","decl":{"start":{"line":13,"column":24},"end":{"line":13,"column":29}},"loc":{"start":{"line":13,"column":118},"end":{"line":43,"column":null}},"line":13}},"branchMap":{"0":{"loc":{"start":{"line":13,"column":41},"end":{"line":13,"column":59}},"type":"default-arg","locations":[{"start":{"line":13,"column":51},"end":{"line":13,"column":59}}],"line":13},"1":{"loc":{"start":{"line":13,"column":59},"end":{"line":13,"column":78}},"type":"default-arg","locations":[{"start":{"line":13,"column":71},"end":{"line":13,"column":78}}],"line":13},"2":{"loc":{"start":{"line":19,"column":12},"end":{"line":19,"column":null}},"type":"cond-expr","locations":[{"start":{"line":19,"column":22},"end":{"line":19,"column":35}},{"start":{"line":19,"column":35},"end":{"line":19,"column":null}}],"line":19},"3":{"loc":{"start":{"line":19,"column":35},"end":{"line":19,"column":null}},"type":"cond-expr","locations":[{"start":{"line":19,"column":47},"end":{"line":19,"column":59}},{"start":{"line":19,"column":59},"end":{"line":19,"column":null}}],"line":19},"4":{"loc":{"start":{"line":24,"column":2},"end":{"line":36,"column":null}},"type":"if","locations":[{"start":{"line":24,"column":2},"end":{"line":36,"column":null}},{"start":{},"end":{}}],"line":24},"5":{"loc":{"start":{"line":24,"column":6},"end":{"line":24,"column":28}},"type":"binary-expr","locations":[{"start":{"line":24,"column":6},"end":{"line":24,"column":19}},{"start":{"line":24,"column":19},"end":{"line":24,"column":28}}],"line":24}},"s":{"0":9,"1":9,"2":3,"3":6},"f":{"0":9},"b":{"0":[9],"1":[9],"2":[2,7],"3":[1,6],"4":[3,6],"5":[9,8]},"meta":{"lastBranch":6,"lastFunction":1,"lastStatement":4,"seen":{"f:13:24:13:29":0,"b:13:51:13:59":0,"b:13:71:13:78":1,"s:14:41:22:Infinity":0,"b:19:22:19:35:19:35:19:Infinity":2,"b:19:47:19:59:19:59:19:Infinity":3,"b:24:2:36:Infinity:undefined:undefined:undefined:undefined":4,"s:24:2:36:Infinity":1,"b:24:6:24:19:24:19:24:28":5,"s:25:4:34:Infinity":2,"s:38:2:41:Infinity":3}}}
,"C:\\Users\\10954\\Desktop\\MBForge\\frontend\\src\\components\\ui\\Tabs.tsx": {"path":"C:\\Users\\10954\\Desktop\\MBForge\\frontend\\src\\components\\ui\\Tabs.tsx","statementMap":{"0":{"start":{"line":34,"column":16},"end":{"line":38,"column":null}},"1":{"start":{"line":58,"column":22},"end":{"line":58,"column":null}},"2":{"start":{"line":59,"column":23},"end":{"line":59,"column":null}},"3":{"start":{"line":60,"column":21},"end":{"line":60,"column":null}},"4":{"start":{"line":62,"column":8},"end":{"line":66,"column":null}},"5":{"start":{"line":63,"column":4},"end":{"line":63,"column":null}},"6":{"start":{"line":63,"column":18},"end":{"line":63,"column":null}},"7":{"start":{"line":64,"column":4},"end":{"line":64,"column":null}},"8":{"start":{"line":64,"column":23},"end":{"line":64,"column":null}},"9":{"start":{"line":65,"column":4},"end":{"line":65,"column":null}},"10":{"start":{"line":68,"column":8},"end":{"line":159,"column":null}},"11":{"start":{"line":69,"column":21},"end":{"line":69,"column":null}},"12":{"start":{"line":70,"column":22},"end":{"line":70,"column":null}},"13":{"start":{"line":72,"column":43},"end":{"line":87,"column":null}},"14":{"start":{"line":89,"column":4},"end":{"line":118,"column":null}},"15":{"start":{"line":90,"column":6},"end":{"line":116,"column":null}},"16":{"start":{"line":94,"column":25},"end":{"line":94,"column":null}},"17":{"start":{"line":120,"column":4},"end":{"line":157,"column":null}},"18":{"start":{"line":124,"column":23},"end":{"line":124,"column":null}},"19":{"start":{"line":162,"column":4},"end":{"line":174,"column":null}},"20":{"start":{"line":177,"column":2},"end":{"line":177,"column":null}},"21":{"start":{"line":193,"column":2},"end":{"line":193,"column":null}},"22":{"start":{"line":193,"column":43},"end":{"line":193,"column":null}},"23":{"start":{"line":194,"column":2},"end":{"line":197,"column":null}}},"fnMap":{"0":{"name":"Tabs","decl":{"start":{"line":45,"column":24},"end":{"line":45,"column":29}},"loc":{"start":{"line":57,"column":14},"end":{"line":178,"column":null}},"line":57},"1":{"name":"(anonymous_1)","decl":{"start":{"line":62,"column":8},"end":{"line":62,"column":23}},"loc":{"start":{"line":62,"column":59},"end":{"line":66,"column":null}},"line":62},"2":{"name":"(anonymous_2)","decl":{"start":{"line":68,"column":8},"end":{"line":68,"column":21}},"loc":{"start":{"line":68,"column":39},"end":{"line":159,"column":null}},"line":68},"3":{"name":"(anonymous_3)","decl":{"start":{"line":94,"column":10},"end":{"line":94,"column":25}},"loc":{"start":{"line":94,"column":25},"end":{"line":94,"column":null}},"line":94},"4":{"name":"(anonymous_4)","decl":{"start":{"line":124,"column":8},"end":{"line":124,"column":23}},"loc":{"start":{"line":124,"column":23},"end":{"line":124,"column":null}},"line":124},"5":{"name":"TabPanel","decl":{"start":{"line":192,"column":16},"end":{"line":192,"column":25}},"loc":{"start":{"line":192,"column":93},"end":{"line":199,"column":null}},"line":192}},"branchMap":{"0":{"loc":{"start":{"line":51,"column":12},"end":{"line":51,"column":null}},"type":"default-arg","locations":[{"start":{"line":51,"column":24},"end":{"line":51,"column":null}}],"line":51},"1":{"loc":{"start":{"line":52,"column":2},"end":{"line":52,"column":null}},"type":"default-arg","locations":[{"start":{"line":52,"column":12},"end":{"line":52,"column":null}}],"line":52},"2":{"loc":{"start":{"line":53,"column":2},"end":{"line":53,"column":null}},"type":"default-arg","locations":[{"start":{"line":53,"column":9},"end":{"line":53,"column":null}}],"line":53},"3":{"loc":{"start":{"line":54,"column":2},"end":{"line":54,"column":null}},"type":"default-arg","locations":[{"start":{"line":54,"column":14},"end":{"line":54,"column":null}}],"line":54},"4":{"loc":{"start":{"line":58,"column":49},"end":{"line":58,"column":82}},"type":"binary-expr","locations":[{"start":{"line":58,"column":49},"end":{"line":58,"column":69}},{"start":{"line":58,"column":69},"end":{"line":58,"column":82}}],"line":58},"5":{"loc":{"start":{"line":60,"column":21},"end":{"line":60,"column":null}},"type":"cond-expr","locations":[{"start":{"line":60,"column":36},"end":{"line":60,"column":48}},{"start":{"line":60,"column":48},"end":{"line":60,"column":null}}],"line":60},"6":{"loc":{"start":{"line":63,"column":4},"end":{"line":63,"column":null}},"type":"if","locations":[{"start":{"line":63,"column":4},"end":{"line":63,"column":null}},{"start":{},"end":{}}],"line":63},"7":{"loc":{"start":{"line":64,"column":4},"end":{"line":64,"column":null}},"type":"if","locations":[{"start":{"line":64,"column":4},"end":{"line":64,"column":null}},{"start":{},"end":{}}],"line":64},"8":{"loc":{"start":{"line":79,"column":13},"end":{"line":79,"column":null}},"type":"cond-expr","locations":[{"start":{"line":79,"column":24},"end":{"line":79,"column":42}},{"start":{"line":79,"column":42},"end":{"line":79,"column":null}}],"line":79},"9":{"loc":{"start":{"line":80,"column":14},"end":{"line":80,"column":null}},"type":"cond-expr","locations":[{"start":{"line":80,"column":30},"end":{"line":80,"column":46}},{"start":{"line":80,"column":46},"end":{"line":80,"column":null}}],"line":80},"10":{"loc":{"start":{"line":81,"column":15},"end":{"line":81,"column":null}},"type":"cond-expr","locations":[{"start":{"line":81,"column":31},"end":{"line":81,"column":37}},{"start":{"line":81,"column":37},"end":{"line":81,"column":null}}],"line":81},"11":{"loc":{"start":{"line":82,"column":18},"end":{"line":82,"column":null}},"type":"cond-expr","locations":[{"start":{"line":82,"column":29},"end":{"line":82,"column":35}},{"start":{"line":82,"column":35},"end":{"line":82,"column":null}}],"line":82},"12":{"loc":{"start":{"line":84,"column":12},"end":{"line":84,"column":null}},"type":"cond-expr","locations":[{"start":{"line":84,"column":24},"end":{"line":84,"column":28}},{"start":{"line":84,"column":28},"end":{"line":84,"column":null}}],"line":84},"13":{"loc":{"start":{"line":85,"column":22},"end":{"line":85,"column":null}},"type":"cond-expr","locations":[{"start":{"line":85,"column":34},"end":{"line":85,"column":45}},{"start":{"line":85,"column":45},"end":{"line":85,"column":null}}],"line":85},"14":{"loc":{"start":{"line":89,"column":4},"end":{"line":118,"column":null}},"type":"if","locations":[{"start":{"line":89,"column":4},"end":{"line":118,"column":null}},{"start":{},"end":{}}],"line":89},"15":{"loc":{"start":{"line":99,"column":24},"end":{"line":99,"column":null}},"type":"cond-expr","locations":[{"start":{"line":99,"column":35},"end":{"line":99,"column":59}},{"start":{"line":99,"column":59},"end":{"line":99,"column":null}}],"line":99},"16":{"loc":{"start":{"line":104,"column":11},"end":{"line":116,"column":null}},"type":"binary-expr","locations":[{"start":{"line":104,"column":11},"end":{"line":104,"column":null}},{"start":{"line":105,"column":12},"end":{"line":116,"column":null}}],"line":104},"17":{"loc":{"start":{"line":130,"column":9},"end":{"line":140,"column":null}},"type":"binary-expr","locations":[{"start":{"line":130,"column":9},"end":{"line":130,"column":null}},{"start":{"line":131,"column":10},"end":{"line":140,"column":null}}],"line":130},"18":{"loc":{"start":{"line":142,"column":9},"end":{"line":155,"column":null}},"type":"binary-expr","locations":[{"start":{"line":142,"column":9},"end":{"line":142,"column":36}},{"start":{"line":142,"column":36},"end":{"line":142,"column":null}},{"start":{"line":143,"column":10},"end":{"line":155,"column":null}}],"line":142},"19":{"loc":{"start":{"line":167,"column":13},"end":{"line":167,"column":null}},"type":"cond-expr","locations":[{"start":{"line":167,"column":37},"end":{"line":167,"column":41}},{"start":{"line":167,"column":41},"end":{"line":167,"column":null}}],"line":167},"20":{"loc":{"start":{"line":168,"column":22},"end":{"line":168,"column":null}},"type":"cond-expr","locations":[{"start":{"line":168,"column":46},"end":{"line":168,"column":74}},{"start":{"line":168,"column":74},"end":{"line":168,"column":null}}],"line":168},"21":{"loc":{"start":{"line":169,"column":12},"end":{"line":169,"column":null}},"type":"binary-expr","locations":[{"start":{"line":169,"column":12},"end":{"line":169,"column":39}},{"start":{"line":169,"column":39},"end":{"line":169,"column":null}}],"line":169},"22":{"loc":{"start":{"line":192,"column":56},"end":{"line":192,"column":93}},"type":"default-arg","locations":[{"start":{"line":192,"column":69},"end":{"line":192,"column":93}}],"line":192},"23":{"loc":{"start":{"line":193,"column":2},"end":{"line":193,"column":null}},"type":"if","locations":[{"start":{"line":193,"column":2},"end":{"line":193,"column":null}},{"start":{},"end":{}}],"line":193},"24":{"loc":{"start":{"line":193,"column":6},"end":{"line":193,"column":43}},"type":"binary-expr","locations":[{"start":{"line":193,"column":6},"end":{"line":193,"column":30}},{"start":{"line":193,"column":30},"end":{"line":193,"column":43}}],"line":193}},"s":{"0":1,"1":23,"2":23,"3":23,"4":23,"5":4,"6":0,"7":4,"8":3,"9":4,"10":23,"11":67,"12":67,"13":67,"14":67,"15":11,"16":1,"17":56,"18":3,"19":23,"20":23,"21":4,"22":1,"23":3},"f":{"0":23,"1":4,"2":67,"3":1,"4":3,"5":4},"b":{"0":[23],"1":[23],"2":[23],"3":[23],"4":[23,22],"5":[2,21],"6":[0,4],"7":[3,1],"8":[23,44],"9":[21,46],"10":[21,46],"11":[23,44],"12":[3,64],"13":[3,64],"14":[11,56],"15":[4,7],"16":[11,1],"17":[56,1],"18":[67,9,3],"19":[16,7],"20":[16,7],"21":[23,3],"22":[4],"23":[1,3],"24":[4,2]},"meta":{"lastBranch":25,"lastFunction":6,"lastStatement":24,"seen":{"s:34:16:38:Infinity":0,"f:45:24:45:29":0,"b:51:24:51:Infinity":0,"b:52:12:52:Infinity":1,"b:53:9:53:Infinity":2,"b:54:14:54:Infinity":3,"s:58:22:58:Infinity":1,"b:58:49:58:69:58:69:58:82":4,"s:59:23:59:Infinity":2,"s:60:21:60:Infinity":3,"b:60:36:60:48:60:48:60:Infinity":5,"s:62:8:66:Infinity":4,"f:62:8:62:23":1,"b:63:4:63:Infinity:undefined:undefined:undefined:undefined":6,"s:63:4:63:Infinity":5,"s:63:18:63:Infinity":6,"b:64:4:64:Infinity:undefined:undefined:undefined:undefined":7,"s:64:4:64:Infinity":7,"s:64:23:64:Infinity":8,"s:65:4:65:Infinity":9,"s:68:8:159:Infinity":10,"f:68:8:68:21":2,"s:69:21:69:Infinity":11,"s:70:22:70:Infinity":12,"s:72:43:87:Infinity":13,"b:79:24:79:42:79:42:79:Infinity":8,"b:80:30:80:46:80:46:80:Infinity":9,"b:81:31:81:37:81:37:81:Infinity":10,"b:82:29:82:35:82:35:82:Infinity":11,"b:84:24:84:28:84:28:84:Infinity":12,"b:85:34:85:45:85:45:85:Infinity":13,"b:89:4:118:Infinity:undefined:undefined:undefined:undefined":14,"s:89:4:118:Infinity":14,"s:90:6:116:Infinity":15,"f:94:10:94:25":3,"s:94:25:94:Infinity":16,"b:99:35:99:59:99:59:99:Infinity":15,"b:104:11:104:Infinity:105:12:116:Infinity":16,"s:120:4:157:Infinity":17,"f:124:8:124:23":4,"s:124:23:124:Infinity":18,"b:130:9:130:Infinity:131:10:140:Infinity":17,"b:142:9:142:36:142:36:142:Infinity:143:10:155:Infinity":18,"s:162:4:174:Infinity":19,"b:167:37:167:41:167:41:167:Infinity":19,"b:168:46:168:74:168:74:168:Infinity":20,"b:169:12:169:39:169:39:169:Infinity":21,"s:177:2:177:Infinity":20,"f:192:16:192:25":5,"b:192:69:192:93":22,"b:193:2:193:Infinity:undefined:undefined:undefined:undefined":23,"s:193:2:193:Infinity":21,"b:193:6:193:30:193:30:193:43":24,"s:193:43:193:Infinity":22,"s:194:2:197:Infinity":23}}}
}
